#
# There is insufficient memory for the Java Runtime Environment to continue.
# Native memory allocation (mmap) failed to map 67108864 bytes for Failed to commit area from 0x00000000c1600000 to 0x00000000c5600000 of length 67108864.
# Possible reasons:
#   The system is out of physical RAM or swap space
#   The process is running with CompressedOops enabled, and the Java Heap may be blocking the growth of the native heap
# Possible solutions:
#   Reduce memory load on the system
#   Increase physical memory or swap space
#   Check if swap backing store is full
#   Decrease Java heap size (-Xmx/-Xms)
#   Decrease number of Java threads
#   Decrease Java thread stack sizes (-Xss)
#   Set larger code cache with -XX:ReservedCodeCacheSize=
# This output file may be truncated or incomplete.
#
#  Out of Memory Error (./open/src/hotspot/os/windows/os_windows.cpp:3275), pid=6404, tid=7420
#
# JRE version:  (11.0.8+10) (build )
# Java VM: Java HotSpot(TM) 64-Bit Server VM (11.0.8+10-LTS, mixed mode, sharing, tiered, compressed oops, g1 gc, windows-amd64)
# No core dump will be written. Minidumps are not enabled by default on client versions of Windows
#

---------------  S U M M A R Y ------------

Command Line: -Dfile.encoding=Cp1252 Exercicio_Funcionario.CalculoSalarioFuncionario

Host: Intel(R) Core(TM) i3-8130U CPU @ 2.20GHz, 4 cores, 3G,  Windows 10 , 64 bit Build 19041 (10.0.19041.1023)
Time: Mon Jul 26 22:25:49 2021 Hora oficial do Brasil elapsed time: 0 seconds (0d 0h 0m 0s)

---------------  T H R E A D  ---------------

Current thread (0x000001a1feea2000):  JavaThread "Unknown thread" [_thread_in_vm, id=7420, stack(0x0000002406400000,0x0000002406500000)]

Stack: [0x0000002406400000,0x0000002406500000]
Native frames: (J=compiled Java code, j=interpreted, Vv=VM code, C=native code)
V  [jvm.dll+0x601aea]
V  [jvm.dll+0x737fef]
V  [jvm.dll+0x739675]
V  [jvm.dll+0x739cf3]
V  [jvm.dll+0x242848]
V  [jvm.dll+0x5fef8a]
V  [jvm.dll+0x5f3eb5]
V  [jvm.dll+0x2f651c]
V  [jvm.dll+0x2f63a2]
V  [jvm.dll+0x2fb056]
V  [jvm.dll+0x33ce9f]
V  [jvm.dll+0x33c8d0]
V  [jvm.dll+0x2d4768]
V  [jvm.dll+0x2d58c6]
V  [jvm.dll+0x713e67]
V  [jvm.dll+0x71570f]
V  [jvm.dll+0x349c19]
V  [jvm.dll+0x6f97f0]
V  [jvm.dll+0x3b2a5f]
V  [jvm.dll+0x3b4e81]
C  [jli.dll+0x5213]
C  [ucrtbase.dll+0x21bb2]
C  [KERNEL32.DLL+0x17034]
C  [ntdll.dll+0x52651]


---------------  P R O C E S S  ---------------

Threads class SMR info:
_java_thread_list=0x000001a1fd60f3d0, length=0, elements={
}

Java Threads: ( => current thread )

Other Threads:
  0x000001a1feeb9800 GCTaskThread "GC Thread#0" [stack: 0x0000002406500000,0x0000002406600000] [id=12636]
  0x000001a1feed4000 ConcurrentGCThread "G1 Main Marker" [stack: 0x0000002406600000,0x0000002406700000] [id=12632]
  0x000001a1feedb000 ConcurrentGCThread "G1 Conc#0" [stack: 0x0000002406700000,0x0000002406800000] [id=13208]

[error occurred during error reporting (printing all threads), id 0xc0000005, EXCEPTION_ACCESS_VIOLATION (0xc0000005) at pc=0x00007ffd215c2f67]

VM state:not at safepoint (not fully initialized)

VM Mutex/Monitor currently owned by a thread:  ([mutex/lock_event])
[0x000001a1fee9e410] Heap_lock - owner thread: 0x000001a1feea2000

Heap address: 0x00000000c1600000, size: 1002 MB, Compressed Oops mode: Non-zero based: 0x00000000c1600000
Narrow klass base: 0x0000000000000000, Narrow klass shift: 0

GC Heap History (0 events):
No events

Deoptimization events (0 events):
No events

Classes redefined (0 events):
No events

Internal exceptions (0 events):
No events

Events (0 events):
No events


Dynamic libraries:
0x00007ff6ceff0000 - 0x00007ff6cefff000 	C:\Program Files\Java\jdk-11.0.8\bin\javaw.exe
0x00007ffd6ee90000 - 0x00007ffd6f085000 	C:\Windows\SYSTEM32\ntdll.dll
0x00007ffd6ecc0000 - 0x00007ffd6ed7d000 	C:\Windows\System32\KERNEL32.DLL
0x00007ffd6ca80000 - 0x00007ffd6cd49000 	C:\Windows\System32\KERNELBASE.dll
0x00007ffd6ce00000 - 0x00007ffd6cf00000 	C:\Windows\System32\ucrtbase.dll
0x00007ffd622d0000 - 0x00007ffd622e8000 	C:\Program Files\Java\jdk-11.0.8\bin\jli.dll
0x00007ffd6d510000 - 0x00007ffd6d5bc000 	C:\Windows\System32\ADVAPI32.dll
0x00007ffd6e940000 - 0x00007ffd6e9de000 	C:\Windows\System32\msvcrt.dll
0x00007ffd6eb90000 - 0x00007ffd6ec2b000 	C:\Windows\System32\sechost.dll
0x00007ffd6e720000 - 0x00007ffd6e84a000 	C:\Windows\System32\RPCRT4.dll
0x00007ffd6d370000 - 0x00007ffd6d510000 	C:\Windows\System32\USER32.dll
0x00007ffd6c770000 - 0x00007ffd6c792000 	C:\Windows\System32\win32u.dll
0x00007ffd6d5c0000 - 0x00007ffd6d5ea000 	C:\Windows\System32\GDI32.dll
0x00007ffd6c5d0000 - 0x00007ffd6c6db000 	C:\Windows\System32\gdi32full.dll
0x00007ffd6c850000 - 0x00007ffd6c8ed000 	C:\Windows\System32\msvcp_win.dll
0x00007ffd610c0000 - 0x00007ffd6135a000 	C:\Windows\WinSxS\amd64_microsoft.windows.common-controls_6595b64144ccf1df_6.0.19041.1110_none_60b5254171f9507e\COMCTL32.dll
0x00007ffd65ba0000 - 0x00007ffd65baa000 	C:\Windows\SYSTEM32\VERSION.dll
0x00007ffd622f0000 - 0x00007ffd62305000 	C:\Program Files\Java\jdk-11.0.8\bin\VCRUNTIME140.dll
0x00007ffd6ec90000 - 0x00007ffd6ecc0000 	C:\Windows\System32\IMM32.DLL
0x00007ffd62230000 - 0x00007ffd622cb000 	C:\Program Files\Java\jdk-11.0.8\bin\msvcp140.dll
0x00007ffd212e0000 - 0x00007ffd21dc6000 	C:\Program Files\Java\jdk-11.0.8\bin\server\jvm.dll
0x00007ffd6d710000 - 0x00007ffd6d718000 	C:\Windows\System32\PSAPI.DLL
0x00007ffd55440000 - 0x00007ffd55449000 	C:\Windows\SYSTEM32\WSOCK32.dll
0x00007ffd6e8d0000 - 0x00007ffd6e93b000 	C:\Windows\System32\WS2_32.dll
0x00007ffd57770000 - 0x00007ffd57797000 	C:\Windows\SYSTEM32\WINMM.dll
0x00007ffd6aee0000 - 0x00007ffd6aef2000 	C:\Windows\SYSTEM32\kernel.appcore.dll
0x00007ffd69a60000 - 0x00007ffd69a70000 	C:\Program Files\Java\jdk-11.0.8\bin\verify.dll
0x00007ffd6acb0000 - 0x00007ffd6ae94000 	C:\Windows\SYSTEM32\DBGHELP.DLL
0x00007ffd55160000 - 0x00007ffd5518c000 	C:\Windows\SYSTEM32\dbgcore.DLL
0x00007ffd6c6e0000 - 0x00007ffd6c763000 	C:\Windows\System32\bcryptPrimitives.dll
0x00007ffd62200000 - 0x00007ffd62228000 	C:\Program Files\Java\jdk-11.0.8\bin\java.dll
0x00007ffd621f0000 - 0x00007ffd621fa000 	C:\Program Files\Java\jdk-11.0.8\bin\jimage.dll
0x00007ffd621d0000 - 0x00007ffd621e6000 	C:\Program Files\Java\jdk-11.0.8\bin\zip.dll

dbghelp: loaded successfully - version: 4.0.5 - missing functions: none
symbol engine: initialized successfully - sym options: 0x614 - pdb path: .;C:\Program Files\Java\jdk-11.0.8\bin;C:\Windows\SYSTEM32;C:\Windows\WinSxS\amd64_microsoft.windows.common-controls_6595b64144ccf1df_6.0.19041.1110_none_60b5254171f9507e;C:\Program Files\Java\jdk-11.0.8\bin\server

VM Arguments:
jvm_args: -Dfile.encoding=Cp1252 
java_command: Exercicio_Funcionario.CalculoSalarioFuncionario
java_class_path (initial): C:\Users\joaoe\eclipse-workspace\POO\bin
Launcher Type: SUN_STANDARD

[Global flags]
     intx CICompilerCount                          = 3                                         {product} {ergonomic}
     uint ConcGCThreads                            = 1                                         {product} {ergonomic}
     uint G1ConcRefinementThreads                  = 4                                         {product} {ergonomic}
   size_t G1HeapRegionSize                         = 1048576                                   {product} {ergonomic}
    uintx GCDrainStackTargetSize                   = 64                                        {product} {ergonomic}
   size_t InitialHeapSize                          = 67108864                                  {product} {ergonomic}
   size_t MarkStackSize                            = 4194304                                   {product} {ergonomic}
   size_t MaxHeapSize                              = 1050673152                                {product} {ergonomic}
   size_t MinHeapDeltaBytes                        = 1048576                                   {product} {ergonomic}
    uintx NonNMethodCodeHeapSize                   = 5830732                                {pd product} {ergonomic}
    uintx NonProfiledCodeHeapSize                  = 122913754                              {pd product} {ergonomic}
    uintx ProfiledCodeHeapSize                     = 122913754                              {pd product} {ergonomic}
    uintx ReservedCodeCacheSize                    = 251658240                              {pd product} {ergonomic}
     bool SegmentedCodeCache                       = true                                      {product} {ergonomic}
     bool UseCompressedClassPointers               = true                                 {lp64_product} {ergonomic}
     bool UseCompressedOops                        = true                                 {lp64_product} {ergonomic}
     bool UseG1GC                                  = true                                      {product} {ergonomic}
     bool UseLargePagesIndividualAllocation        = false                                  {pd product} {ergonomic}

Logging:
Log output configuration:
 #0: stdout all=warning uptime,level,tags
 #1: stderr all=off uptime,level,tags

Environment Variables:
PATH=C:\Program Files\Common Files\Oracle\Java\javapath;C:\Windows\system32;C:\Windows;C:\Windows\System32\Wbem;C:\Windows\System32\WindowsPowerShell\v1.0\;C:\Windows\System32\OpenSSH\;C:\Program Files\Git\cmd;C:\gradle-7.1.1\bin;C:\Users\joaoe\AppData\Local\Microsoft\WindowsApps;C:\Program Files\Java\jdk-11.0.8\bin;C:\Program Files\JetBrains\IntelliJ IDEA Community Edition 2021.1.3\bin;;C:\gradle-7.1.1\bin;
USERNAME=joaoe
OS=Windows_NT
PROCESSOR_IDENTIFIER=Intel64 Family 6 Model 142 Stepping 10, GenuineIntel



---------------  S Y S T E M  ---------------

OS: Windows 10 , 64 bit Build 19041 (10.0.19041.1023)

CPU:total 4 (initial active 4) (2 cores per cpu, 2 threads per core) family 6 model 142 stepping 10, cmov, cx8, fxsr, mmx, sse, sse2, sse3, ssse3, sse4.1, sse4.2, popcnt, avx, avx2, aes, clmul, erms, 3dnowpref, lzcnt, ht, tsc, tscinvbit, bmi1, bmi2, adx, fma

Memory: 4k page, system-wide physical 4001M (588M free)
TotalPageFile size 7389M (AvailPageFile size 27M)
current process WorkingSet (physical memory assigned to process): 9M, peak: 9M
current process commit charge ("private bytes"): 51M, peak: 115M

vm_info: Java HotSpot(TM) 64-Bit Server VM (11.0.8+10-LTS) for windows-amd64 JRE (11.0.8+10-LTS), built on Jun 16 2020 05:53:08 by "mach5one" with unknown MS VC++:1916

END.
